<?xml version="1.0" encoding="UTF-8"?>
<!-- Generated by org.testng.reporters.JUnitReportReporter -->
<testsuite skipped="0" hostname="LAPTOP-40TU0CRP" name="studentPerspective.ViewAssignedLesson" tests="1" failures="0" timestamp="17 Nov 2020 18:33:00 GMT" time="14.704" errors="0">
  <testcase name="viewLesson" time="14.704" classname="studentPerspective.ViewAssignedLesson"/>
</testsuite> <!-- studentPerspective.ViewAssignedLesson -->
