<?xml version="1.0" encoding="UTF-8"?>
<!-- Generated by org.testng.reporters.JUnitReportReporter -->
<testsuite skipped="0" hostname="LAPTOP-40TU0CRP" name="studentPerspective.TakeAssessment" tests="1" failures="0" timestamp="17 Nov 2020 02:29:42 GMT" time="24.671" errors="0">
  <testcase name="login" time="24.671" classname="studentPerspective.TakeAssessment"/>
</testsuite> <!-- studentPerspective.TakeAssessment -->
