<?xml version="1.0" encoding="UTF-8"?>
<!-- Generated by org.testng.reporters.JUnitReportReporter -->
<testsuite skipped="0" hostname="LAPTOP-40TU0CRP" name="studentPerspective.AddLinkToBookshelf" tests="1" failures="0" timestamp="17 Nov 2020 03:32:10 GMT" time="18.198" errors="0">
  <testcase name="addLink" time="18.198" classname="studentPerspective.AddLinkToBookshelf"/>
</testsuite> <!-- studentPerspective.AddLinkToBookshelf -->
