<?xml version="1.0" encoding="UTF-8"?>
<!-- Generated by org.testng.reporters.JUnitReportReporter -->
<testsuite skipped="0" hostname="LAPTOP-40TU0CRP" name="studentPerspective.ViewGradebook" tests="1" failures="0" timestamp="17 Nov 2020 19:00:00 GMT" time="18.597" errors="0">
  <testcase name="assess" time="18.597" classname="studentPerspective.ViewGradebook"/>
</testsuite> <!-- studentPerspective.ViewGradebook -->
