<?xml version="1.0" encoding="UTF-8"?>
<!-- Generated by org.testng.reporters.JUnitReportReporter -->
<testsuite skipped="0" hostname="LAPTOP-40TU0CRP" name="studentPerspective.ViewClassBoard" tests="1" failures="0" timestamp="17 Nov 2020 18:04:55 GMT" time="16.439" errors="0">
  <testcase name="viewClassBoard" time="16.439" classname="studentPerspective.ViewClassBoard"/>
</testsuite> <!-- studentPerspective.ViewClassBoard -->
